<?xml version="1.0" encoding="UTF-8" ?>
<testsuites>
  <testsuite errors="2" failures="0" hostname="user-HP" id="0" name="BiddingIntegrationTests" package="auctionhaus" tests="2" time="0.733" timestamp="2012-02-15T22:47:58">
      <properties />

      <testcase classname="auctionhaus.BiddingIntegrationTests" name="testBidAmountIsFiftyCentHigherThanPreviousBid" time="0.687">
          <error message="Cannot get property &apos;winningBidPrice&apos; on null object" type="java.lang.NullPointerException">java.lang.NullPointerException: Cannot get property &apos;winningBidPrice&apos; on null object
	at auctionhaus.BiddingIntegrationTests.testBidAmountIsFiftyCentHigherThanPreviousBid(BiddingIntegrationTests.groovy:42)
</error>

      </testcase>

      <testcase classname="auctionhaus.BiddingIntegrationTests" name="testBiddingIsSavedWhenListingIsSaved" time="0.046">
          <error message="Cannot invoke method addToBiddings() on null object" type="java.lang.NullPointerException">java.lang.NullPointerException: Cannot invoke method addToBiddings() on null object
	at auctionhaus.BiddingIntegrationTests.testBiddingIsSavedWhenListingIsSaved(BiddingIntegrationTests.groovy:29)
</error>

      </testcase>

      <system-out><![CDATA[--Output from testBidAmountIsFiftyCentHigherThanPreviousBid--
--Output from testBiddingIsSavedWhenListingIsSaved--
]]></system-out>

      <system-err><![CDATA[--Output from testBidAmountIsFiftyCentHigherThanPreviousBid--
--Output from testBiddingIsSavedWhenListingIsSaved--
]]></system-err>

  </testsuite>
  <testsuite errors="0" failures="0" hostname="user-HP" id="1" name="CustomerIntegrationTests" package="auctionhaus" tests="1" time="0.047" timestamp="2012-02-15T22:47:58">
      <properties />

      <testcase classname="auctionhaus.CustomerIntegrationTests" name="testEmailIsUnique" time="0.047" />

      <system-out><![CDATA[--Output from testEmailIsUnique--
]]></system-out>

      <system-err><![CDATA[--Output from testEmailIsUnique--
]]></system-err>

  </testsuite>
  <testsuite errors="2" failures="0" hostname="user-HP" id="2" name="BiddingTests" package="auctionhaus" tests="5" time="1.653" timestamp="2012-02-15T22:47:42">
      <properties />

      <testcase classname="auctionhaus.BiddingTests" name="testBidsAreRequiredToHaveABidder" time="1.139">
          <error message="No such property: dateEnded for class: auctionhaus.Listing" type="groovy.lang.MissingPropertyException">groovy.lang.MissingPropertyException: No such property: dateEnded for class: auctionhaus.Listing
	at auctionhaus.Bidding$__clinit__closure2_closure3.doCall(Bidding.groovy:22)
	at org.grails.datastore.gorm.GormValidationApi.validate(GormValidationApi.groovy:75)
	at org.grails.datastore.gorm.GormValidationApi.validate(GormValidationApi.groovy:116)
	at auctionhaus.BiddingTests.testBidsAreRequiredToHaveABidder(BiddingTests.groovy:50)
</error>

      </testcase>

      <testcase classname="auctionhaus.BiddingTests" name="testBidsAreRequiredToBeForListing" time="0.062" />

      <testcase classname="auctionhaus.BiddingTests" name="testAmountIsRequired" time="0.031" />

      <testcase classname="auctionhaus.BiddingTests" name="testDateCreatedIsAssigned" time="0.047">
          <error message="No such property: dateEnded for class: auctionhaus.Listing" type="groovy.lang.MissingPropertyException">groovy.lang.MissingPropertyException: No such property: dateEnded for class: auctionhaus.Listing
	at auctionhaus.Bidding$__clinit__closure2_closure3.doCall(Bidding.groovy:22)
	at org.grails.datastore.gorm.GormValidationApi.validate(GormValidationApi.groovy:75)
	at org.grails.datastore.gorm.GormValidationApi.validate(GormValidationApi.groovy:116)
	at auctionhaus.BiddingTests.testDateCreatedIsAssigned(BiddingTests.groovy:38)
</error>

      </testcase>

      <testcase classname="auctionhaus.BiddingTests" name="testListingHasListOfBids" time="0.265" />

      <system-out><![CDATA[--Output from testBidsAreRequiredToHaveABidder--
--Output from testBidsAreRequiredToBeForListing--
--Output from testAmountIsRequired--
--Output from testDateCreatedIsAssigned--
--Output from testListingHasListOfBids--
]]></system-out>

      <system-err><![CDATA[--Output from testBidsAreRequiredToHaveABidder--
--Output from testBidsAreRequiredToBeForListing--
--Output from testAmountIsRequired--
--Output from testDateCreatedIsAssigned--
--Output from testListingHasListOfBids--
]]></system-err>

  </testsuite>
  <testsuite errors="0" failures="0" hostname="user-HP" id="3" name="CustomerTests" package="auctionhaus" tests="7" time="0.905" timestamp="2012-02-15T22:47:44">
      <properties />

      <testcase classname="auctionhaus.CustomerTests" name="testPasswordIsBetweenRightSize" time="0.702" />

      <testcase classname="auctionhaus.CustomerTests" name="testEmailIsRequired" time="0.016" />

      <testcase classname="auctionhaus.CustomerTests" name="testPasswordIsRequired" time="0.016" />

      <testcase classname="auctionhaus.CustomerTests" name="testDateCreatedIsRequired" time="0.031" />

      <testcase classname="auctionhaus.CustomerTests" name="testPasswordIsBelowMax" time="0.031" />

      <testcase classname="auctionhaus.CustomerTests" name="testPasswordIsAboveMin" time="0.016" />

      <testcase classname="auctionhaus.CustomerTests" name="testEmailIsValid" time="0.032" />

      <system-out><![CDATA[--Output from testPasswordIsBetweenRightSize--
--Output from testEmailIsRequired--
--Output from testPasswordIsRequired--
--Output from testDateCreatedIsRequired--
--Output from testPasswordIsBelowMax--
--Output from testPasswordIsAboveMin--
--Output from testEmailIsValid--
]]></system-out>

      <system-err><![CDATA[--Output from testPasswordIsBetweenRightSize--
--Output from testEmailIsRequired--
--Output from testPasswordIsRequired--
--Output from testDateCreatedIsRequired--
--Output from testPasswordIsBelowMax--
--Output from testPasswordIsAboveMin--
--Output from testEmailIsValid--
]]></system-err>

  </testsuite>
  <testsuite errors="0" failures="0" hostname="user-HP" id="4" name="ListingTests" package="auctionhaus" tests="9" time="0.281" timestamp="2012-02-15T22:47:45">
      <properties />

      <testcase classname="auctionhaus.ListingTests" name="testNameIsRequired" time="0.032" />

      <testcase classname="auctionhaus.ListingTests" name="testNameIsNotBlank" time="0.015" />

      <testcase classname="auctionhaus.ListingTests" name="testLengthOfName" time="0.031" />

      <testcase classname="auctionhaus.ListingTests" name="testDateNotNull" time="0.031" />

      <testcase classname="auctionhaus.ListingTests" name="testDateIsInFuture" time="0.015" />

      <testcase classname="auctionhaus.ListingTests" name="testStartingPriceIsRequired" time="0.016" />

      <testcase classname="auctionhaus.ListingTests" name="testStartingPriceIsValid" time="0.016" />

      <testcase classname="auctionhaus.ListingTests" name="testSellerIsRequired" time="0.016" />

      <testcase classname="auctionhaus.ListingTests" name="testLengthOfDescription" time="0.031" />

      <system-out><![CDATA[--Output from testNameIsRequired--
--Output from testNameIsNotBlank--
--Output from testLengthOfName--
--Output from testDateNotNull--
--Output from testDateIsInFuture--
--Output from testStartingPriceIsRequired--
--Output from testStartingPriceIsValid--
--Output from testSellerIsRequired--
--Output from testLengthOfDescription--
]]></system-out>

      <system-err><![CDATA[--Output from testNameIsRequired--
--Output from testNameIsNotBlank--
--Output from testLengthOfName--
--Output from testDateNotNull--
--Output from testDateIsInFuture--
--Output from testStartingPriceIsRequired--
--Output from testStartingPriceIsValid--
--Output from testSellerIsRequired--
--Output from testLengthOfDescription--
]]></system-err>

  </testsuite>
</testsuites>
