<?xml version="1.0" encoding="UTF-8" ?>
<testsuites>
  <testsuite errors="0" failures="0" hostname="user-HP" id="0" name="BiddingIntegrationTests" package="auctionhaus" tests="3" time="0.91" timestamp="2012-04-12T23:56:14">
      <properties />

      <testcase classname="auctionhaus.BiddingIntegrationTests" name="testBidAmountIsFiftyCentHigherThanPreviousBid" time="0.36" />

      <testcase classname="auctionhaus.BiddingIntegrationTests" name="testBiddingIsSavedWhenListingIsSaved" time="0.37" />

      <testcase classname="auctionhaus.BiddingIntegrationTests" name="testBidsAboutListingNamedQuery" time="0.155" />

      <system-out><![CDATA[--Output from testBidAmountIsFiftyCentHigherThanPreviousBid--
--Output from testBiddingIsSavedWhenListingIsSaved--
--Output from testBidsAboutListingNamedQuery--
]]></system-out>

      <system-err><![CDATA[--Output from testBidAmountIsFiftyCentHigherThanPreviousBid--
--Output from testBiddingIsSavedWhenListingIsSaved--
--Output from testBidsAboutListingNamedQuery--
]]></system-err>

  </testsuite>
  <testsuite errors="0" failures="0" hostname="user-HP" id="1" name="CustomerIntegrationTests" package="auctionhaus" tests="1" time="0.09" timestamp="2012-04-12T23:56:15">
      <properties />

      <testcase classname="auctionhaus.CustomerIntegrationTests" name="testEmailIsUnique" time="0.045" />

      <system-out><![CDATA[--Output from testEmailIsUnique--
]]></system-out>

      <system-err><![CDATA[--Output from testEmailIsUnique--
]]></system-err>

  </testsuite>
  <testsuite errors="0" failures="0" hostname="user-HP" id="2" name="ListingNotificationServiceTests" package="auctionhaus" tests="1" time="0.225" timestamp="2012-04-12T23:56:15">
      <properties />

      <testcase classname="auctionhaus.ListingNotificationServiceTests" name="testListingEndedSendJMS" time="0.225" />

      <system-out><![CDATA[--Output from testListingEndedSendJMS--
Listing ended call for Cup
sendListingEndedJMS for Cup
exception: java.lang.NullPointerException: Cannot invoke method send() on null object
false]]></system-out>

      <system-err><![CDATA[--Output from testListingEndedSendJMS--
]]></system-err>

  </testsuite>
  <testsuite errors="0" failures="0" hostname="user-HP" id="3" name="BiddingControllerTests" package="auctionhaus" tests="1" time="4.635" timestamp="2012-04-12T23:55:37">
      <properties />

      <testcase classname="auctionhaus.BiddingControllerTests" name="testIndex" time="4.445" />

      <system-out><![CDATA[--Output from testIndex--
]]></system-out>

      <system-err><![CDATA[--Output from testIndex--
]]></system-err>

  </testsuite>
  <testsuite errors="0" failures="0" hostname="user-HP" id="4" name="BiddingTests" package="auctionhaus" tests="5" time="1.23" timestamp="2012-04-12T23:55:41">
      <properties />

      <testcase classname="auctionhaus.BiddingTests" name="testListingHasListOfBids" time="0.6" />

      <testcase classname="auctionhaus.BiddingTests" name="testDateCreatedIsAssigned" time="0.05" />

      <testcase classname="auctionhaus.BiddingTests" name="testAmountIsRequired" time="0.08" />

      <testcase classname="auctionhaus.BiddingTests" name="testBidsAreRequiredToBeForListing" time="0.27" />

      <testcase classname="auctionhaus.BiddingTests" name="testBidsAreRequiredToHaveABidder" time="0.05" />

      <system-out><![CDATA[--Output from testListingHasListOfBids--
--Output from testDateCreatedIsAssigned--
--Output from testAmountIsRequired--
--Output from testBidsAreRequiredToBeForListing--
--Output from testBidsAreRequiredToHaveABidder--
]]></system-out>

      <system-err><![CDATA[--Output from testListingHasListOfBids--
--Output from testDateCreatedIsAssigned--
--Output from testAmountIsRequired--
--Output from testBidsAreRequiredToBeForListing--
--Output from testBidsAreRequiredToHaveABidder--
]]></system-err>

  </testsuite>
  <testsuite errors="0" failures="0" hostname="user-HP" id="5" name="CustomerControllerTests" package="auctionhaus" tests="2" time="2.39" timestamp="2012-04-12T23:55:43">
      <properties />

      <testcase classname="auctionhaus.CustomerControllerTests" name="testIndex" time="0.325" />

      <testcase classname="auctionhaus.CustomerControllerTests" name="testDelete" time="1.96" />

      <system-out><![CDATA[--Output from testIndex--
--Output from testDelete--
]]></system-out>

      <system-err><![CDATA[--Output from testIndex--
--Output from testDelete--
]]></system-err>

  </testsuite>
  <testsuite errors="0" failures="0" hostname="user-HP" id="6" name="CustomerServiceTests" package="auctionhaus" tests="1" time="0.31" timestamp="2012-04-12T23:55:45">
      <properties />

      <testcase classname="auctionhaus.CustomerServiceTests" name="testaddNewCustomer" time="0.235" />

      <system-out><![CDATA[--Output from testaddNewCustomer--
]]></system-out>

      <system-err><![CDATA[--Output from testaddNewCustomer--
]]></system-err>

  </testsuite>
  <testsuite errors="0" failures="0" hostname="user-HP" id="7" name="CustomerTests" package="auctionhaus" tests="7" time="0.525" timestamp="2012-04-12T23:55:45">
      <properties />

      <testcase classname="auctionhaus.CustomerTests" name="testPasswordIsRequired" time="0.07" />

      <testcase classname="auctionhaus.CustomerTests" name="testEmailIsRequired" time="0.04" />

      <testcase classname="auctionhaus.CustomerTests" name="testDateCreatedIsRequired" time="0.05" />

      <testcase classname="auctionhaus.CustomerTests" name="testPasswordIsBelowMax" time="0.065" />

      <testcase classname="auctionhaus.CustomerTests" name="testPasswordIsAboveMin" time="0.055" />

      <testcase classname="auctionhaus.CustomerTests" name="testEmailIsValid" time="0.07" />

      <testcase classname="auctionhaus.CustomerTests" name="testPasswordIsBetweenRightSize" time="0.045" />

      <system-out><![CDATA[--Output from testPasswordIsRequired--
--Output from testEmailIsRequired--
--Output from testDateCreatedIsRequired--
--Output from testPasswordIsBelowMax--
--Output from testPasswordIsAboveMin--
--Output from testEmailIsValid--
--Output from testPasswordIsBetweenRightSize--
]]></system-out>

      <system-err><![CDATA[--Output from testPasswordIsRequired--
--Output from testEmailIsRequired--
--Output from testDateCreatedIsRequired--
--Output from testPasswordIsBelowMax--
--Output from testPasswordIsAboveMin--
--Output from testEmailIsValid--
--Output from testPasswordIsBetweenRightSize--
]]></system-err>

  </testsuite>
  <testsuite errors="2" failures="0" hostname="user-HP" id="8" name="ListingControllerTests" package="auctionhaus" tests="5" time="6.115" timestamp="2012-04-12T23:55:46">
      <properties />

      <testcase classname="auctionhaus.ListingControllerTests" name="testIndex" time="0.31" />

      <testcase classname="auctionhaus.ListingControllerTests" name="testAddBids" time="2.645">
          <error message="Cannot invoke method size() on null object" type="java.lang.NullPointerException">java.lang.NullPointerException: Cannot invoke method size() on null object
	at auctionhaus.ListingControllerTests.testAddBids(ListingControllerTests.groovy:47)
</error>

      </testcase>

      <testcase classname="auctionhaus.ListingControllerTests" name="testFlashAddBidFail" time="1.47" />

      <testcase classname="auctionhaus.ListingControllerTests" name="testFlashAddBidSuccessful" time="0.245" />

      <testcase classname="auctionhaus.ListingControllerTests" name="testInvalidAddBids" time="1.22">
          <error message="Cannot invoke method size() on null object" type="java.lang.NullPointerException">java.lang.NullPointerException: Cannot invoke method size() on null object
	at auctionhaus.ListingControllerTests.testInvalidAddBids(ListingControllerTests.groovy:80)
</error>

      </testcase>

      <system-out><![CDATA[--Output from testIndex--
--Output from testAddBids--
--Output from testFlashAddBidFail--
--Output from testFlashAddBidSuccessful--
--Output from testInvalidAddBids--
]]></system-out>

      <system-err><![CDATA[--Output from testIndex--
--Output from testAddBids--
--Output from testFlashAddBidFail--
--Output from testFlashAddBidSuccessful--
--Output from testInvalidAddBids--
]]></system-err>

  </testsuite>
  <testsuite errors="0" failures="0" hostname="user-HP" id="9" name="ListingServiceTests" package="auctionhaus" tests="2" time="0.405" timestamp="2012-04-12T23:55:52">
      <properties />

      <testcase classname="auctionhaus.ListingServiceTests" name="testaddBidToListing" time="0.22" />

      <testcase classname="auctionhaus.ListingServiceTests" name="testaddNewListing" time="0.11" />

      <system-out><![CDATA[--Output from testaddBidToListing--
--Output from testaddNewListing--
]]></system-out>

      <system-err><![CDATA[--Output from testaddBidToListing--
--Output from testaddNewListing--
]]></system-err>

  </testsuite>
  <testsuite errors="0" failures="0" hostname="user-HP" id="10" name="ListingTests" package="auctionhaus" tests="11" time="0.49" timestamp="2012-04-12T23:55:53">
      <properties />

      <testcase classname="auctionhaus.ListingTests" name="testLengthOfDescriptionTooLong" time="0.06" />

      <testcase classname="auctionhaus.ListingTests" name="testNameIsNotBlank" time="0.035" />

      <testcase classname="auctionhaus.ListingTests" name="testNameIsRequired" time="0.035" />

      <testcase classname="auctionhaus.ListingTests" name="testLengthOfNameTooLong" time="0.035" />

      <testcase classname="auctionhaus.ListingTests" name="testLengthOfNameOK" time="0.035" />

      <testcase classname="auctionhaus.ListingTests" name="testDateNotNull" time="0.03" />

      <testcase classname="auctionhaus.ListingTests" name="testDateIsInFuture" time="0.035" />

      <testcase classname="auctionhaus.ListingTests" name="testPriceStartedIsRequired" time="0.03" />

      <testcase classname="auctionhaus.ListingTests" name="testPriceStartedIsValid" time="0.035" />

      <testcase classname="auctionhaus.ListingTests" name="testSellerIsRequired" time="0.03" />

      <testcase classname="auctionhaus.ListingTests" name="testLengthOfDescriptionOK" time="0.035" />

      <system-out><![CDATA[--Output from testLengthOfDescriptionTooLong--
--Output from testNameIsNotBlank--
--Output from testNameIsRequired--
--Output from testLengthOfNameTooLong--
--Output from testLengthOfNameOK--
--Output from testDateNotNull--
--Output from testDateIsInFuture--
--Output from testPriceStartedIsRequired--
--Output from testPriceStartedIsValid--
--Output from testSellerIsRequired--
--Output from testLengthOfDescriptionOK--
]]></system-out>

      <system-err><![CDATA[--Output from testLengthOfDescriptionTooLong--
--Output from testNameIsNotBlank--
--Output from testNameIsRequired--
--Output from testLengthOfNameTooLong--
--Output from testLengthOfNameOK--
--Output from testDateNotNull--
--Output from testDateIsInFuture--
--Output from testPriceStartedIsRequired--
--Output from testPriceStartedIsValid--
--Output from testSellerIsRequired--
--Output from testLengthOfDescriptionOK--
]]></system-err>

  </testsuite>
</testsuites>
