<?xml version="1.0" encoding="UTF-8" ?>
<testsuites>
  <testsuite errors="0" failures="0" hostname="ujjwal-PC" id="0" name="ListingNotificationServiceTests" package="auctionhaus" tests="1" time="1.215" timestamp="2012-04-11T04:59:07">
      <properties />

      <testcase classname="auctionhaus.ListingNotificationServiceTests" name="testListingEndedSendJMS" time="1.162" />

      <system-out><![CDATA[]]></system-out>

      <system-err><![CDATA[--Output from testListingEndedSendJMS--
]]></system-err>

  </testsuite>
</testsuites>
